Using pre-set license

 COMMAND LINE ARGUMENTS:
/Users/xiaowenhuang/Documents/Unity/2020.3.4f1/Unity.app/Contents/MacOS/Unity
-adb2
-batchMode
-noUpm
-name
AssetImportWorker0
-projectPath
/Users/xiaowenhuang/Documents/GitHub/tech7/tech_new
-logFile
Logs/AssetImportWorker0.log
-srvPort
55197
Successfully changed project path to: /Users/xiaowenhuang/Documents/GitHub/tech7/tech_new
/Users/xiaowenhuang/Documents/GitHub/tech7/tech_new
Using Asset Import Pipeline V2.
Refreshing native plugins compatible for Editor in 32.17 ms, found 1 plugins.
Preloading 0 native plugins for Editor in 0.00 ms.
Initialize engine version: 2020.3.4f1 (0abb6314276a)
[Subsystems] Discovering subsystems at path /Users/xiaowenhuang/Documents/Unity/2020.3.4f1/Unity.app/Contents/Resources/UnitySubsystems
[Subsystems] Discovering subsystems at path /Users/xiaowenhuang/Documents/GitHub/tech7/tech_new/Assets
GfxDevice: creating device client; threaded=0
2021-05-06 12:30:07.028 Unity[15585:4863145] Color LCD preferred device: Intel(R) Iris(TM) Graphics 6100 (low power)
2021-05-06 12:30:07.028 Unity[15585:4863145] Metal devices available: 1
2021-05-06 12:30:07.028 Unity[15585:4863145] 0: Intel(R) Iris(TM) Graphics 6100 (low power)
2021-05-06 12:30:07.029 Unity[15585:4863145] Using device Intel(R) Iris(TM) Graphics 6100 (low power)
Initializing Metal device caps: Intel(R) Iris(TM) Graphics 6100
Initialize mono
Mono path[0] = '/Users/xiaowenhuang/Documents/Unity/2020.3.4f1/Unity.app/Contents/Managed'
Mono path[1] = '/Users/xiaowenhuang/Documents/Unity/2020.3.4f1/Unity.app/Contents/MonoBleedingEdge/lib/mono/unityjit'
Mono config path = '/Users/xiaowenhuang/Documents/Unity/2020.3.4f1/Unity.app/Contents/MonoBleedingEdge/etc'
Using monoOptions --debugger-agent=transport=dt_socket,embedding=1,server=y,suspend=n,address=127.0.0.1:56585
Begin MonoManager ReloadAssembly
Registering precompiled unity dll's ...
Register platform support module: /Users/xiaowenhuang/Documents/Unity/2020.3.4f1/PlaybackEngines/WebGLSupport/UnityEditor.WebGL.Extensions.dll
Register platform support module: /Users/xiaowenhuang/Documents/Unity/2020.3.4f1/Unity.app/Contents/PlaybackEngines/MacStandaloneSupport/UnityEditor.OSXStandalone.Extensions.dll
Register platform support module: /Users/xiaowenhuang/Documents/Unity/2020.3.4f1/PlaybackEngines/WindowsStandaloneSupport/UnityEditor.WindowsStandalone.Extensions.dll
Registered in 0.001137 seconds.
Native extension for WindowsStandalone target not found
Native extension for OSXStandalone target not found
Native extension for WebGL target not found
Refreshing native plugins compatible for Editor in 49.27 ms, found 1 plugins.
Preloading 0 native plugins for Editor in 0.00 ms.
Mono: successfully reloaded assembly
- Completed reload, in  2.125 seconds
Platform modules already initialized, skipping
Registering precompiled user dll's ...
Registered in 0.000665 seconds.
Begin MonoManager ReloadAssembly
Native extension for WindowsStandalone target not found
Native extension for OSXStandalone target not found
Native extension for WebGL target not found
Refreshing native plugins compatible for Editor in 0.26 ms, found 1 plugins.
Preloading 0 native plugins for Editor in 0.00 ms.
Mono: successfully reloaded assembly
- Completed reload, in  1.228 seconds
Platform modules already initialized, skipping
========================================================================
Worker process is ready to serve import requests
Launching external process: /Users/xiaowenhuang/Documents/Unity/2020.3.4f1/Unity.app/Contents/Tools/UnityShaderCompiler
Launched and connected shader compiler UnityShaderCompiler after 0.02 seconds
Refreshing native plugins compatible for Editor in 0.25 ms, found 1 plugins.
Preloading 0 native plugins for Editor in 0.00 ms.
Unloading 1119 Unused Serialized files (Serialized files now loaded: 0)
System memory in use before: 125.5 MB.
System memory in use after: 125.5 MB.

Unloading 10 unused Assets to reduce memory usage. Loaded Objects now: 1581.
Total: 3.563008 ms (FindLiveObjects: 0.357775 ms CreateObjectMapping: 0.080271 ms MarkObjects: 2.197561 ms  DeleteObjects: 0.925379 ms)

========================================================================
Received Import Request.
  path: Assets/TerrainData_1604173c-8381-448e-bc1e-6533448dbb80.asset
  artifactKey: Guid(948185c3a00a24b608d3ea2b0886f666) Importer(815301076,1909f56bfc062723c751e8b465ee728b)
Start importing Assets/TerrainData_1604173c-8381-448e-bc1e-6533448dbb80.asset using Guid(948185c3a00a24b608d3ea2b0886f666) Importer(815301076,1909f56bfc062723c751e8b465ee728b) The tree rpgpp_lt_tree_pine_01 must use the Nature/Soft Occlusion shader. Otherwise billboarding/lighting will not work correctly.

The tree rpgpp_lt_tree_01 must use the Nature/Soft Occlusion shader. Otherwise billboarding/lighting will not work correctly.

The tree rpgpp_lt_tree_02 must use the Nature/Soft Occlusion shader. Otherwise billboarding/lighting will not work correctly.

The tree rpgpp_lt_grass_small_01b must use the Nature/Soft Occlusion shader. Otherwise billboarding/lighting will not work correctly.

 -> (artifact id: '8045c8d75b2bdd1b293af1d29a121a8f') in 0.561349 seconds
  Import took 0.567156 seconds .

========================================================================
Received Import Request.
  Time since last request: 0.000288 seconds.
  path: Assets/New Terrain.asset
  artifactKey: Guid(a0ad990e01b4343dfb3ae758af5b6769) Importer(815301076,1909f56bfc062723c751e8b465ee728b)
Start importing Assets/New Terrain.asset using Guid(a0ad990e01b4343dfb3ae758af5b6769) Importer(815301076,1909f56bfc062723c751e8b465ee728b) The tree rpgpp_lt_tree_01 must use the Nature/Soft Occlusion shader. Otherwise billboarding/lighting will not work correctly.

The tree rpgpp_lt_tree_pine_01 must use the Nature/Soft Occlusion shader. Otherwise billboarding/lighting will not work correctly.

The tree rpgpp_lt_tree_02 must use the Nature/Soft Occlusion shader. Otherwise billboarding/lighting will not work correctly.

The tree rpgpp_lt_grass_small_01a must use the Nature/Soft Occlusion shader. Otherwise billboarding/lighting will not work correctly.

The tree rpgpp_lt_grass_small_01b must use the Nature/Soft Occlusion shader. Otherwise billboarding/lighting will not work correctly.

 -> (artifact id: 'ebd3fbe23bccdee887c8be2899032401') in 0.038657 seconds
  Import took 0.045356 seconds .

========================================================================
Received Import Request.
  Time since last request: 559.040774 seconds.
  path: Assets/!Materials Collection
  artifactKey: Guid(559a6d36cac47449f96bfc2d5752a958) Importer(815301076,1909f56bfc062723c751e8b465ee728b)
Start importing Assets/!Materials Collection using Guid(559a6d36cac47449f96bfc2d5752a958) Importer(815301076,1909f56bfc062723c751e8b465ee728b)  -> (artifact id: 'cc33a886b0fb643aacfa45e48ebc3a8b') in 0.000915 seconds
  Import took 0.003261 seconds .

========================================================================
Received Import Request.
  Time since last request: 0.020348 seconds.
  path: Assets/!Materials Collection
  artifactKey: Guid(559a6d36cac47449f96bfc2d5752a958) Importer(815301076,1909f56bfc062723c751e8b465ee728b)
Start importing Assets/!Materials Collection using Guid(559a6d36cac47449f96bfc2d5752a958) Importer(815301076,1909f56bfc062723c751e8b465ee728b)  -> (artifact id: 'cc33a886b0fb643aacfa45e48ebc3a8b') in 0.000963 seconds
  Import took 0.003449 seconds .

========================================================================
Received Import Request.
  Time since last request: 4.124268 seconds.
  path: Assets/!Materials Collection/4 Snow Materials
  artifactKey: Guid(4b2a789ca6f564f0cba45930ab0da86e) Importer(815301076,1909f56bfc062723c751e8b465ee728b)
Start importing Assets/!Materials Collection/4 Snow Materials using Guid(4b2a789ca6f564f0cba45930ab0da86e) Importer(815301076,1909f56bfc062723c751e8b465ee728b)  -> (artifact id: 'cc590ca6fcb415d86f5686db5de90031') in 0.003845 seconds
  Import took 0.009437 seconds .

========================================================================
Received Import Request.
  Time since last request: 0.126945 seconds.
  path: Assets/!Materials Collection/4 Snow Materials/snow_1_tga.tga
  artifactKey: Guid(1f27a16ed04f7e0499cca9e2d233da4c) Importer(815301076,1909f56bfc062723c751e8b465ee728b)
Start importing Assets/!Materials Collection/4 Snow Materials/snow_1_tga.tga using Guid(1f27a16ed04f7e0499cca9e2d233da4c) Importer(815301076,1909f56bfc062723c751e8b465ee728b)  -> (artifact id: '16d2a0d8e806805c3c8ef1893f8c8ef6') in 0.380847 seconds
  Import took 0.384143 seconds .

========================================================================
Received Import Request.
  Time since last request: 0.000236 seconds.
  path: Assets/!Materials Collection/4 Snow Materials/snow_2_tga.tga
  artifactKey: Guid(9eccbb07d6b64db459a718c90fcb504e) Importer(815301076,1909f56bfc062723c751e8b465ee728b)
Start importing Assets/!Materials Collection/4 Snow Materials/snow_2_tga.tga using Guid(9eccbb07d6b64db459a718c90fcb504e) Importer(815301076,1909f56bfc062723c751e8b465ee728b)  -> (artifact id: '0c4e5567a87d98c96b49eb3565b82469') in 0.007744 seconds
  Import took 0.009682 seconds .

========================================================================
Received Import Request.
  Time since last request: 0.000232 seconds.
  path: Assets/!Materials Collection/4 Snow Materials/snow_3_tga.tga
  artifactKey: Guid(27cfa95353763794dafd1452e4c6b6a6) Importer(815301076,1909f56bfc062723c751e8b465ee728b)
Start importing Assets/!Materials Collection/4 Snow Materials/snow_3_tga.tga using Guid(27cfa95353763794dafd1452e4c6b6a6) Importer(815301076,1909f56bfc062723c751e8b465ee728b)  -> (artifact id: 'd2f6cf158931ddece5ab486914f53b59') in 0.040241 seconds
  Import took 0.046565 seconds .

========================================================================
Received Import Request.
  Time since last request: 0.000315 seconds.
  path: Assets/!Materials Collection/4 Snow Materials/snow_4_tga.tga
  artifactKey: Guid(7d91d62b3e622674cb6296921eb9db25) Importer(815301076,1909f56bfc062723c751e8b465ee728b)
Start importing Assets/!Materials Collection/4 Snow Materials/snow_4_tga.tga using Guid(7d91d62b3e622674cb6296921eb9db25) Importer(815301076,1909f56bfc062723c751e8b465ee728b)  -> (artifact id: '3a7385a90f5daf316fc4e87f6937b422') in 0.008374 seconds
  Import took 0.013080 seconds .

========================================================================
Received Import Request.
  Time since last request: 2.701698 seconds.
  path: Assets/AllSkyFree
  artifactKey: Guid(174bcdd1d6454416a95d4823e396df98) Importer(815301076,1909f56bfc062723c751e8b465ee728b)
Start importing Assets/AllSkyFree using Guid(174bcdd1d6454416a95d4823e396df98) Importer(815301076,1909f56bfc062723c751e8b465ee728b)  -> (artifact id: 'baf7e94c11dbfc1f6fae014c1c9e78fb') in 0.001421 seconds
  Import took 0.006802 seconds .

========================================================================
Received Import Request.
  Time since last request: 0.571280 seconds.
  path: Assets/Scenes
  artifactKey: Guid(12b9f8e748e8d49a5a88b6626a84e275) Importer(815301076,1909f56bfc062723c751e8b465ee728b)
Start importing Assets/Scenes using Guid(12b9f8e748e8d49a5a88b6626a84e275) Importer(815301076,1909f56bfc062723c751e8b465ee728b)  -> (artifact id: '2336ef55a379b1ca47ccc6546f98683e') in 0.002378 seconds
  Import took 0.006728 seconds .

========================================================================
Received Import Request.
  Time since last request: 2.027442 seconds.
  path: Assets/Scenes/SampleScene.unity
  artifactKey: Guid(9fc0d4010bbf28b4594072e72b8655ab) Importer(815301076,1909f56bfc062723c751e8b465ee728b)
Start importing Assets/Scenes/SampleScene.unity using Guid(9fc0d4010bbf28b4594072e72b8655ab) Importer(815301076,1909f56bfc062723c751e8b465ee728b)  -> (artifact id: 'a4c26ba53aba84b242b3e5cc0ada58e6') in 0.002108 seconds
  Import took 0.004392 seconds .

========================================================================
Received Prepare
Registering precompiled user dll's ...
Registered in 0.013525 seconds.
Begin MonoManager ReloadAssembly
Native extension for WindowsStandalone target not found
Native extension for OSXStandalone target not found
Native extension for WebGL target not found
Refreshing native plugins compatible for Editor in 53.05 ms, found 1 plugins.
Preloading 0 native plugins for Editor in 0.00 ms.
Mono: successfully reloaded assembly
- Completed reload, in  1.464 seconds
Platform modules already initialized, skipping
Refreshing native plugins compatible for Editor in 0.50 ms, found 1 plugins.
Preloading 0 native plugins for Editor in 0.00 ms.
Unloading 1911 Unused Serialized files (Serialized files now loaded: 0)
System memory in use before: 163.5 MB.
System memory in use after: 163.3 MB.

Unloading 12 unused Assets to reduce memory usage. Loaded Objects now: 2377.
Total: 2.299110 ms (FindLiveObjects: 0.314687 ms CreateObjectMapping: 0.060555 ms MarkObjects: 1.753249 ms  DeleteObjects: 0.168119 ms)

========================================================================
Received Prepare
Registering precompiled user dll's ...
Registered in 0.001449 seconds.
Begin MonoManager ReloadAssembly
Native extension for WindowsStandalone target not found
Native extension for OSXStandalone target not found
Native extension for WebGL target not found
Refreshing native plugins compatible for Editor in 1.47 ms, found 1 plugins.
Preloading 0 native plugins for Editor in 0.00 ms.
Mono: successfully reloaded assembly
- Completed reload, in  2.656 seconds
Platform modules already initialized, skipping
Shader 'Universal Render Pipeline/Nature/SpeedTree7': dependency 'BillboardShader' shader 'Universal Render Pipeline/Nature/SpeedTree7 Billboard' not found
Shader 'Universal Render Pipeline/Baked Lit': fallback shader 'Universal Render Pipeline/Unlit' not found
Shader 'Universal Render Pipeline/Simple Lit': fallback shader 'Hidden/Universal Render Pipeline/FallbackError' not found
Shader 'Universal Render Pipeline/Terrain/Lit': fallback shader 'Hidden/Universal Render Pipeline/FallbackError' not found
Shader 'Universal Render Pipeline/Terrain/Lit': dependency 'AddPassShader' shader 'Hidden/Universal Render Pipeline/Terrain/Lit (Add Pass)' not found
Shader 'Universal Render Pipeline/Terrain/Lit': dependency 'BaseMapShader' shader 'Hidden/Universal Render Pipeline/Terrain/Lit (Base Pass)' not found
Shader 'Universal Render Pipeline/Terrain/Lit': dependency 'BaseMapGenShader' shader 'Hidden/Universal Render Pipeline/Terrain/Lit (Basemap Gen)' not found
Shader 'Hidden/Universal Render Pipeline/Terrain/Lit (Add Pass)': fallback shader 'Hidden/Universal Render Pipeline/FallbackError' not found
Shader 'Hidden/Universal Render Pipeline/Terrain/Lit (Base Pass)': fallback shader 'Hidden/Universal Render Pipeline/FallbackError' not found
Shader 'Universal Render Pipeline/Particles/Lit': fallback shader 'Universal Render Pipeline/Particles/SimpleLit' not found
Shader 'Universal Render Pipeline/Particles/Lit': fallback shader 'Universal Render Pipeline/Particles/SimpleLit' not found
Refreshing native plugins compatible for Editor in 0.82 ms, found 1 plugins.
Preloading 0 native plugins for Editor in 0.00 ms.
Unloading 2367 Unused Serialized files (Serialized files now loaded: 0)
System memory in use before: 195.0 MB.
System memory in use after: 190.9 MB.

Unloading 61 unused Assets to reduce memory usage. Loaded Objects now: 2787.
Total: 9.888578 ms (FindLiveObjects: 0.735062 ms CreateObjectMapping: 0.437237 ms MarkObjects: 4.211667 ms  DeleteObjects: 4.500953 ms)

